<?xml version="1.0" encoding="UTF-8"?>
<testng-results skipped="0" failed="0" total="1" passed="1">
  <reporter-output>
  </reporter-output>
  <suite name="Command line suite" duration-ms="16" started-at="2016-04-27T11:33:28Z" finished-at="2016-04-27T11:33:28Z">
    <groups>
    </groups>
    <test name="Command line test" duration-ms="16" started-at="2016-04-27T11:33:28Z" finished-at="2016-04-27T11:33:28Z">
      <class name="com.objectfrontier.training.primeno.PrimeTest">
        <test-method status="PASS" signature="testPrime(int)[pri:0, instance:com.objectfrontier.training.primeno.PrimeTest@1a25848]" name="testPrime" duration-ms="0" started-at="2016-04-27T17:03:28Z" data-provider="dpPrime" finished-at="2016-04-27T17:03:28Z">
          <params>
            <param index="0">
              <value>
                <![CDATA[2]]>
              </value>
            </param>
          </params>
          <reporter-output>
          </reporter-output>
        </test-method> <!-- testPrime -->
      </class> <!-- com.objectfrontier.training.primeno.PrimeTest -->
    </test> <!-- Command line test -->
  </suite> <!-- Command line suite -->
</testng-results>
