<?xml version="1.0" encoding="UTF-8"?>
<testng-results skipped="0" failed="0" total="1" passed="1">
  <reporter-output>
  </reporter-output>
  <suite name="Command line suite" duration-ms="15" started-at="2016-04-27T11:33:27Z" finished-at="2016-04-27T11:33:27Z">
    <groups>
    </groups>
    <test name="Command line test" duration-ms="15" started-at="2016-04-27T11:33:27Z" finished-at="2016-04-27T11:33:27Z">
      <class name="com.objectfrontier.training.factorial.FactorialTest">
        <test-method status="PASS" signature="testFactorialValue(int, int)[pri:0, instance:com.objectfrontier.training.factorial.FactorialTest@1a25848]" name="testFactorialValue" duration-ms="15" started-at="2016-04-27T17:03:27Z" data-provider="dpFactorialValue" finished-at="2016-04-27T17:03:27Z">
          <params>
            <param index="0">
              <value>
                <![CDATA[5]]>
              </value>
            </param>
            <param index="1">
              <value>
                <![CDATA[120]]>
              </value>
            </param>
          </params>
          <reporter-output>
          </reporter-output>
        </test-method> <!-- testFactorialValue -->
      </class> <!-- com.objectfrontier.training.factorial.FactorialTest -->
    </test> <!-- Command line test -->
  </suite> <!-- Command line suite -->
</testng-results>
