<?xml version="1.0" encoding="UTF-8"?>
<testng-results skipped="0" failed="0" total="4" passed="4">
  <reporter-output>
  </reporter-output>
  <suite name="Command line suite" duration-ms="16" started-at="2016-04-27T11:33:26Z" finished-at="2016-04-27T11:33:26Z">
    <groups>
    </groups>
    <test name="Command line test" duration-ms="16" started-at="2016-04-27T11:33:26Z" finished-at="2016-04-27T11:33:26Z">
      <class name="com.objectfrontier.training.math.MathTest">
        <test-method status="PASS" signature="testAdd(int, int)[pri:0, instance:com.objectfrontier.training.math.MathTest@1a25848]" name="testAdd" duration-ms="16" started-at="2016-04-27T17:03:26Z" data-provider="dpAdd" finished-at="2016-04-27T17:03:26Z">
          <params>
            <param index="0">
              <value>
                <![CDATA[3]]>
              </value>
            </param>
            <param index="1">
              <value>
                <![CDATA[5]]>
              </value>
            </param>
          </params>
          <reporter-output>
          </reporter-output>
        </test-method> <!-- testAdd -->
        <test-method status="PASS" signature="testSub(int, int)[pri:0, instance:com.objectfrontier.training.math.MathTest@1a25848]" name="testSub" duration-ms="0" started-at="2016-04-27T17:03:26Z" data-provider="dpSub" finished-at="2016-04-27T17:03:26Z">
          <params>
            <param index="0">
              <value>
                <![CDATA[5]]>
              </value>
            </param>
            <param index="1">
              <value>
                <![CDATA[5]]>
              </value>
            </param>
          </params>
          <reporter-output>
          </reporter-output>
        </test-method> <!-- testSub -->
        <test-method status="PASS" signature="testMult(int, int)[pri:0, instance:com.objectfrontier.training.math.MathTest@1a25848]" name="testMult" duration-ms="0" started-at="2016-04-27T17:03:26Z" data-provider="dpMulti" finished-at="2016-04-27T17:03:26Z">
          <params>
            <param index="0">
              <value>
                <![CDATA[5]]>
              </value>
            </param>
            <param index="1">
              <value>
                <![CDATA[5]]>
              </value>
            </param>
          </params>
          <reporter-output>
          </reporter-output>
        </test-method> <!-- testMult -->
        <test-method status="PASS" signature="testDivide(int, int)[pri:0, instance:com.objectfrontier.training.math.MathTest@1a25848]" name="testDivide" duration-ms="0" started-at="2016-04-27T17:03:26Z" data-provider="dpDivide" finished-at="2016-04-27T17:03:26Z">
          <params>
            <param index="0">
              <value>
                <![CDATA[5]]>
              </value>
            </param>
            <param index="1">
              <value>
                <![CDATA[5]]>
              </value>
            </param>
          </params>
          <reporter-output>
          </reporter-output>
        </test-method> <!-- testDivide -->
      </class> <!-- com.objectfrontier.training.math.MathTest -->
    </test> <!-- Command line test -->
  </suite> <!-- Command line suite -->
</testng-results>
