<?xml version="1.0" encoding="UTF-8"?>
<!-- Generated by org.testng.reporters.JUnitXMLReporter -->
<testsuite hostname="RPC01" name="Command line test" tests="4" failures="0" timestamp="27 Apr 2016 11:33:26 GMT" time="0.016" errors="0">
  <testcase name="testAdd" time="0.016" classname="com.objectfrontier.training.math.MathTest"/>
  <testcase name="testDivide" time="0.0" classname="com.objectfrontier.training.math.MathTest"/>
  <testcase name="testMult" time="0.0" classname="com.objectfrontier.training.math.MathTest"/>
  <testcase name="testSub" time="0.0" classname="com.objectfrontier.training.math.MathTest"/>
</testsuite> <!-- Command line test -->
