<?xml version="1.0" encoding="UTF-8"?>
<testng-results skipped="0" failed="0" total="1" passed="1">
  <reporter-output>
  </reporter-output>
  <suite name="Default suite" duration-ms="47" started-at="2016-04-25T10:06:04Z" finished-at="2016-04-25T10:06:04Z">
    <groups>
    </groups>
    <test name="Default test" duration-ms="47" started-at="2016-04-25T10:06:04Z" finished-at="2016-04-25T10:06:04Z">
      <class name="com.objectfrontier.training.primeno.PrimeTest">
        <test-method status="PASS" signature="testPrime(int)[pri:0, instance:com.objectfrontier.training.primeno.PrimeTest@528192]" name="testPrime" duration-ms="15" started-at="2016-04-25T15:36:04Z" data-provider="dpPrime" finished-at="2016-04-25T15:36:04Z">
          <params>
            <param index="0">
              <value>
                <![CDATA[2]]>
              </value>
            </param>
          </params>
          <reporter-output>
          </reporter-output>
        </test-method> <!-- testPrime -->
      </class> <!-- com.objectfrontier.training.primeno.PrimeTest -->
    </test> <!-- Default test -->
  </suite> <!-- Default suite -->
</testng-results>
