<?xml version="1.0" encoding="UTF-8"?>
<!-- Generated by org.testng.reporters.JUnitXMLReporter -->
<testsuite hostname="RPC01" name="Default test" tests="4" failures="0" timestamp="25 Apr 2016 11:00:47 GMT" time="0.031" errors="0">
  <testcase name="testAdd" time="0.0" classname="com.objectfrontier.training.math.MathTest"/>
  <testcase name="testDivide" time="0.0" classname="com.objectfrontier.training.math.MathTest"/>
  <testcase name="testMult" time="0.0" classname="com.objectfrontier.training.math.MathTest"/>
  <testcase name="testSub" time="0.0" classname="com.objectfrontier.training.math.MathTest"/>
</testsuite> <!-- Default test -->
