<?xml version="1.0" encoding="UTF-8"?>
<testng-results skipped="0" failed="0" total="1" passed="1">
  <reporter-output>
  </reporter-output>
  <suite name="Command line suite" duration-ms="0" started-at="2016-04-27T11:33:28Z" finished-at="2016-04-27T11:33:28Z">
    <groups>
    </groups>
    <test name="Command line test" duration-ms="0" started-at="2016-04-27T11:33:28Z" finished-at="2016-04-27T11:33:28Z">
      <class name="com.objectfrontier.training.primeno.AppTest">
        <test-method status="PASS" signature="testApp()[pri:0, instance:testApp(com.objectfrontier.training.primeno.AppTest)]" name="testApp" duration-ms="0" started-at="2016-04-27T17:03:28Z" finished-at="2016-04-27T17:03:28Z">
          <reporter-output>
          </reporter-output>
        </test-method> <!-- testApp -->
      </class> <!-- com.objectfrontier.training.primeno.AppTest -->
    </test> <!-- Command line test -->
  </suite> <!-- Command line suite -->
</testng-results>
